0 info it worked if it ends with ok
1 verbose cli [ '/usr/local/bin/node', '/usr/local/bin/npm', 'install', 'git' ]
2 info using npm@2.14.20
3 info using node@v4.4.1
4 verbose install initial load of /Users/compilerexe/Desktop/react-list/package.json
5 warn package.json react-list@1.0.0 No description
6 warn package.json react-list@1.0.0 No repository field.
7 warn package.json react-list@1.0.0 No README data
8 verbose installManyTop reading scoped package data from /Users/compilerexe/Desktop/react-list/node_modules/JSONStream/package.json
9 verbose installManyTop reading scoped package data from /Users/compilerexe/Desktop/react-list/node_modules/acorn/package.json
10 verbose installManyTop reading scoped package data from /Users/compilerexe/Desktop/react-list/node_modules/amdefine/package.json
11 verbose installManyTop reading scoped package data from /Users/compilerexe/Desktop/react-list/node_modules/ansi-regex/package.json
12 verbose installManyTop reading scoped package data from /Users/compilerexe/Desktop/react-list/node_modules/ansi-styles/package.json
13 verbose installManyTop reading scoped package data from /Users/compilerexe/Desktop/react-list/node_modules/anymatch/package.json
14 verbose installManyTop reading scoped package data from /Users/compilerexe/Desktop/react-list/node_modules/arr-diff/package.json
15 verbose installManyTop reading scoped package data from /Users/compilerexe/Desktop/react-list/node_modules/arr-flatten/package.json
16 verbose installManyTop reading scoped package data from /Users/compilerexe/Desktop/react-list/node_modules/array-filter/package.json
17 verbose installManyTop reading scoped package data from /Users/compilerexe/Desktop/react-list/node_modules/array-map/package.json
18 verbose installManyTop reading scoped package data from /Users/compilerexe/Desktop/react-list/node_modules/array-reduce/package.json
19 verbose installManyTop reading scoped package data from /Users/compilerexe/Desktop/react-list/node_modules/array-unique/package.json
20 verbose installManyTop reading scoped package data from /Users/compilerexe/Desktop/react-list/node_modules/arrify/package.json
21 verbose installManyTop reading scoped package data from /Users/compilerexe/Desktop/react-list/node_modules/asap/package.json
22 verbose installManyTop reading scoped package data from /Users/compilerexe/Desktop/react-list/node_modules/asn1.js/package.json
23 verbose installManyTop reading scoped package data from /Users/compilerexe/Desktop/react-list/node_modules/assert/package.json
24 verbose installManyTop reading scoped package data from /Users/compilerexe/Desktop/react-list/node_modules/astw/package.json
25 verbose installManyTop reading scoped package data from /Users/compilerexe/Desktop/react-list/node_modules/async-each/package.json
26 verbose installManyTop reading scoped package data from /Users/compilerexe/Desktop/react-list/node_modules/babel-code-frame/package.json
27 verbose installManyTop reading scoped package data from /Users/compilerexe/Desktop/react-list/node_modules/babel-core/package.json
28 verbose installManyTop reading scoped package data from /Users/compilerexe/Desktop/react-list/node_modules/babel-generator/package.json
29 verbose installManyTop reading scoped package data from /Users/compilerexe/Desktop/react-list/node_modules/babel-helper-builder-react-jsx/package.json
30 verbose installManyTop reading scoped package data from /Users/compilerexe/Desktop/react-list/node_modules/babel-helpers/package.json
31 verbose installManyTop reading scoped package data from /Users/compilerexe/Desktop/react-list/node_modules/babel-messages/package.json
32 verbose installManyTop reading scoped package data from /Users/compilerexe/Desktop/react-list/node_modules/babel-plugin-syntax-flow/package.json
33 verbose installManyTop reading scoped package data from /Users/compilerexe/Desktop/react-list/node_modules/babel-plugin-syntax-jsx/package.json
34 verbose installManyTop reading scoped package data from /Users/compilerexe/Desktop/react-list/node_modules/babel-plugin-transform-flow-strip-types/package.json
35 verbose installManyTop reading scoped package data from /Users/compilerexe/Desktop/react-list/node_modules/babel-plugin-transform-react-display-name/package.json
36 verbose installManyTop reading scoped package data from /Users/compilerexe/Desktop/react-list/node_modules/babel-plugin-transform-react-jsx/package.json
37 verbose installManyTop reading scoped package data from /Users/compilerexe/Desktop/react-list/node_modules/babel-plugin-transform-react-jsx-source/package.json
38 verbose installManyTop reading scoped package data from /Users/compilerexe/Desktop/react-list/node_modules/babel-preset-react/package.json
39 verbose installManyTop reading scoped package data from /Users/compilerexe/Desktop/react-list/node_modules/babel-register/package.json
40 verbose installManyTop reading scoped package data from /Users/compilerexe/Desktop/react-list/node_modules/babel-runtime/package.json
41 verbose installManyTop reading scoped package data from /Users/compilerexe/Desktop/react-list/node_modules/babel-template/package.json
42 verbose installManyTop reading scoped package data from /Users/compilerexe/Desktop/react-list/node_modules/babel-traverse/package.json
43 verbose installManyTop reading scoped package data from /Users/compilerexe/Desktop/react-list/node_modules/babel-types/package.json
44 verbose installManyTop reading scoped package data from /Users/compilerexe/Desktop/react-list/node_modules/babelify/package.json
45 verbose installManyTop reading scoped package data from /Users/compilerexe/Desktop/react-list/node_modules/babylon/package.json
46 verbose installManyTop reading scoped package data from /Users/compilerexe/Desktop/react-list/node_modules/balanced-match/package.json
47 verbose installManyTop reading scoped package data from /Users/compilerexe/Desktop/react-list/node_modules/base62/package.json
48 verbose installManyTop reading scoped package data from /Users/compilerexe/Desktop/react-list/node_modules/base64-js/package.json
49 verbose installManyTop reading scoped package data from /Users/compilerexe/Desktop/react-list/node_modules/binary-extensions/package.json
50 verbose installManyTop reading scoped package data from /Users/compilerexe/Desktop/react-list/node_modules/bn.js/package.json
51 verbose installManyTop reading scoped package data from /Users/compilerexe/Desktop/react-list/node_modules/brace-expansion/package.json
52 verbose installManyTop reading scoped package data from /Users/compilerexe/Desktop/react-list/node_modules/braces/package.json
53 verbose installManyTop reading scoped package data from /Users/compilerexe/Desktop/react-list/node_modules/brorand/package.json
54 verbose installManyTop reading scoped package data from /Users/compilerexe/Desktop/react-list/node_modules/browser-pack/package.json
55 verbose installManyTop reading scoped package data from /Users/compilerexe/Desktop/react-list/node_modules/browser-resolve/package.json
56 verbose installManyTop reading scoped package data from /Users/compilerexe/Desktop/react-list/node_modules/browserify/package.json
57 verbose installManyTop reading scoped package data from /Users/compilerexe/Desktop/react-list/node_modules/browserify-aes/package.json
58 verbose installManyTop reading scoped package data from /Users/compilerexe/Desktop/react-list/node_modules/browserify-cipher/package.json
59 verbose installManyTop reading scoped package data from /Users/compilerexe/Desktop/react-list/node_modules/browserify-des/package.json
60 verbose installManyTop reading scoped package data from /Users/compilerexe/Desktop/react-list/node_modules/browserify-rsa/package.json
61 verbose installManyTop reading scoped package data from /Users/compilerexe/Desktop/react-list/node_modules/browserify-sign/package.json
62 verbose installManyTop reading scoped package data from /Users/compilerexe/Desktop/react-list/node_modules/browserify-zlib/package.json
63 verbose installManyTop reading scoped package data from /Users/compilerexe/Desktop/react-list/node_modules/buffer/package.json
64 verbose installManyTop reading scoped package data from /Users/compilerexe/Desktop/react-list/node_modules/buffer-xor/package.json
65 verbose installManyTop reading scoped package data from /Users/compilerexe/Desktop/react-list/node_modules/builtin-status-codes/package.json
66 verbose installManyTop reading scoped package data from /Users/compilerexe/Desktop/react-list/node_modules/chalk/package.json
67 verbose installManyTop reading scoped package data from /Users/compilerexe/Desktop/react-list/node_modules/chokidar/package.json
68 verbose installManyTop reading scoped package data from /Users/compilerexe/Desktop/react-list/node_modules/cipher-base/package.json
69 verbose installManyTop reading scoped package data from /Users/compilerexe/Desktop/react-list/node_modules/color-convert/package.json
70 verbose installManyTop reading scoped package data from /Users/compilerexe/Desktop/react-list/node_modules/combine-source-map/package.json
71 verbose installManyTop reading scoped package data from /Users/compilerexe/Desktop/react-list/node_modules/concat-map/package.json
72 verbose installManyTop reading scoped package data from /Users/compilerexe/Desktop/react-list/node_modules/concat-stream/package.json
73 verbose installManyTop reading scoped package data from /Users/compilerexe/Desktop/react-list/node_modules/console-browserify/package.json
74 verbose installManyTop reading scoped package data from /Users/compilerexe/Desktop/react-list/node_modules/constants-browserify/package.json
75 verbose installManyTop reading scoped package data from /Users/compilerexe/Desktop/react-list/node_modules/convert-source-map/package.json
76 verbose installManyTop reading scoped package data from /Users/compilerexe/Desktop/react-list/node_modules/core-js/package.json
77 verbose installManyTop reading scoped package data from /Users/compilerexe/Desktop/react-list/node_modules/core-util-is/package.json
78 verbose installManyTop reading scoped package data from /Users/compilerexe/Desktop/react-list/node_modules/create-ecdh/package.json
79 verbose installManyTop reading scoped package data from /Users/compilerexe/Desktop/react-list/node_modules/create-hash/package.json
80 verbose installManyTop reading scoped package data from /Users/compilerexe/Desktop/react-list/node_modules/create-hmac/package.json
81 verbose installManyTop reading scoped package data from /Users/compilerexe/Desktop/react-list/node_modules/crypto-browserify/package.json
82 verbose installManyTop reading scoped package data from /Users/compilerexe/Desktop/react-list/node_modules/date-now/package.json
83 verbose installManyTop reading scoped package data from /Users/compilerexe/Desktop/react-list/node_modules/debug/package.json
84 verbose installManyTop reading scoped package data from /Users/compilerexe/Desktop/react-list/node_modules/defined/package.json
85 verbose installManyTop reading scoped package data from /Users/compilerexe/Desktop/react-list/node_modules/deps-sort/package.json
86 verbose installManyTop reading scoped package data from /Users/compilerexe/Desktop/react-list/node_modules/des.js/package.json
87 verbose installManyTop reading scoped package data from /Users/compilerexe/Desktop/react-list/node_modules/detect-indent/package.json
88 verbose installManyTop reading scoped package data from /Users/compilerexe/Desktop/react-list/node_modules/detective/package.json
89 verbose installManyTop reading scoped package data from /Users/compilerexe/Desktop/react-list/node_modules/diffie-hellman/package.json
90 verbose installManyTop reading scoped package data from /Users/compilerexe/Desktop/react-list/node_modules/domain-browser/package.json
91 verbose installManyTop reading scoped package data from /Users/compilerexe/Desktop/react-list/node_modules/duplexer2/package.json
92 verbose installManyTop reading scoped package data from /Users/compilerexe/Desktop/react-list/node_modules/elliptic/package.json
93 verbose installManyTop reading scoped package data from /Users/compilerexe/Desktop/react-list/node_modules/envify/package.json
94 verbose installManyTop reading scoped package data from /Users/compilerexe/Desktop/react-list/node_modules/escape-string-regexp/package.json
95 verbose installManyTop reading scoped package data from /Users/compilerexe/Desktop/react-list/node_modules/esprima-fb/package.json
96 verbose installManyTop reading scoped package data from /Users/compilerexe/Desktop/react-list/node_modules/esutils/package.json
97 verbose installManyTop reading scoped package data from /Users/compilerexe/Desktop/react-list/node_modules/events/package.json
98 verbose installManyTop reading scoped package data from /Users/compilerexe/Desktop/react-list/node_modules/evp_bytestokey/package.json
99 verbose installManyTop reading scoped package data from /Users/compilerexe/Desktop/react-list/node_modules/expand-brackets/package.json
100 verbose installManyTop reading scoped package data from /Users/compilerexe/Desktop/react-list/node_modules/expand-range/package.json
101 verbose installManyTop reading scoped package data from /Users/compilerexe/Desktop/react-list/node_modules/extglob/package.json
102 verbose installManyTop reading scoped package data from /Users/compilerexe/Desktop/react-list/node_modules/fbjs/package.json
103 verbose installManyTop reading scoped package data from /Users/compilerexe/Desktop/react-list/node_modules/filename-regex/package.json
104 verbose installManyTop reading scoped package data from /Users/compilerexe/Desktop/react-list/node_modules/fill-range/package.json
105 verbose installManyTop reading scoped package data from /Users/compilerexe/Desktop/react-list/node_modules/for-in/package.json
106 verbose installManyTop reading scoped package data from /Users/compilerexe/Desktop/react-list/node_modules/for-own/package.json
107 verbose installManyTop reading scoped package data from /Users/compilerexe/Desktop/react-list/node_modules/fsevents/package.json
108 verbose installManyTop reading scoped package data from /Users/compilerexe/Desktop/react-list/node_modules/function-bind/package.json
109 verbose installManyTop reading scoped package data from /Users/compilerexe/Desktop/react-list/node_modules/get-stdin/package.json
110 verbose installManyTop reading scoped package data from /Users/compilerexe/Desktop/react-list/node_modules/glob/package.json
111 verbose installManyTop reading scoped package data from /Users/compilerexe/Desktop/react-list/node_modules/glob-base/package.json
112 verbose installManyTop reading scoped package data from /Users/compilerexe/Desktop/react-list/node_modules/glob-parent/package.json
113 verbose installManyTop reading scoped package data from /Users/compilerexe/Desktop/react-list/node_modules/globals/package.json
114 verbose installManyTop reading scoped package data from /Users/compilerexe/Desktop/react-list/node_modules/graceful-fs/package.json
115 verbose installManyTop reading scoped package data from /Users/compilerexe/Desktop/react-list/node_modules/has/package.json
116 verbose installManyTop reading scoped package data from /Users/compilerexe/Desktop/react-list/node_modules/has-ansi/package.json
117 verbose installManyTop reading scoped package data from /Users/compilerexe/Desktop/react-list/node_modules/hash.js/package.json
118 verbose installManyTop reading scoped package data from /Users/compilerexe/Desktop/react-list/node_modules/home-or-tmp/package.json
119 verbose installManyTop reading scoped package data from /Users/compilerexe/Desktop/react-list/node_modules/htmlescape/package.json
120 verbose installManyTop reading scoped package data from /Users/compilerexe/Desktop/react-list/node_modules/https-browserify/package.json
121 verbose installManyTop reading scoped package data from /Users/compilerexe/Desktop/react-list/node_modules/ieee754/package.json
122 verbose installManyTop reading scoped package data from /Users/compilerexe/Desktop/react-list/node_modules/indexof/package.json
123 verbose installManyTop reading scoped package data from /Users/compilerexe/Desktop/react-list/node_modules/inflight/package.json
124 verbose installManyTop reading scoped package data from /Users/compilerexe/Desktop/react-list/node_modules/inherits/package.json
125 verbose installManyTop reading scoped package data from /Users/compilerexe/Desktop/react-list/node_modules/inline-source-map/package.json
126 verbose installManyTop reading scoped package data from /Users/compilerexe/Desktop/react-list/node_modules/insert-module-globals/package.json
127 verbose installManyTop reading scoped package data from /Users/compilerexe/Desktop/react-list/node_modules/invariant/package.json
128 verbose installManyTop reading scoped package data from /Users/compilerexe/Desktop/react-list/node_modules/is-binary-path/package.json
129 verbose installManyTop reading scoped package data from /Users/compilerexe/Desktop/react-list/node_modules/is-buffer/package.json
130 verbose installManyTop reading scoped package data from /Users/compilerexe/Desktop/react-list/node_modules/is-dotfile/package.json
131 verbose installManyTop reading scoped package data from /Users/compilerexe/Desktop/react-list/node_modules/is-equal-shallow/package.json
132 verbose installManyTop reading scoped package data from /Users/compilerexe/Desktop/react-list/node_modules/is-extendable/package.json
133 verbose installManyTop reading scoped package data from /Users/compilerexe/Desktop/react-list/node_modules/is-extglob/package.json
134 verbose installManyTop reading scoped package data from /Users/compilerexe/Desktop/react-list/node_modules/is-finite/package.json
135 verbose installManyTop reading scoped package data from /Users/compilerexe/Desktop/react-list/node_modules/is-glob/package.json
136 verbose installManyTop reading scoped package data from /Users/compilerexe/Desktop/react-list/node_modules/is-integer/package.json
137 verbose installManyTop reading scoped package data from /Users/compilerexe/Desktop/react-list/node_modules/is-number/package.json
138 verbose installManyTop reading scoped package data from /Users/compilerexe/Desktop/react-list/node_modules/is-primitive/package.json
139 verbose installManyTop reading scoped package data from /Users/compilerexe/Desktop/react-list/node_modules/isarray/package.json
140 verbose installManyTop reading scoped package data from /Users/compilerexe/Desktop/react-list/node_modules/isobject/package.json
141 verbose installManyTop reading scoped package data from /Users/compilerexe/Desktop/react-list/node_modules/js-tokens/package.json
142 verbose installManyTop reading scoped package data from /Users/compilerexe/Desktop/react-list/node_modules/json-stable-stringify/package.json
143 verbose installManyTop reading scoped package data from /Users/compilerexe/Desktop/react-list/node_modules/json5/package.json
144 verbose installManyTop reading scoped package data from /Users/compilerexe/Desktop/react-list/node_modules/jsonify/package.json
145 verbose installManyTop reading scoped package data from /Users/compilerexe/Desktop/react-list/node_modules/jsonparse/package.json
146 verbose installManyTop reading scoped package data from /Users/compilerexe/Desktop/react-list/node_modules/jstransform/package.json
147 verbose installManyTop reading scoped package data from /Users/compilerexe/Desktop/react-list/node_modules/kind-of/package.json
148 verbose installManyTop reading scoped package data from /Users/compilerexe/Desktop/react-list/node_modules/labeled-stream-splicer/package.json
149 verbose installManyTop reading scoped package data from /Users/compilerexe/Desktop/react-list/node_modules/lexical-scope/package.json
150 verbose installManyTop reading scoped package data from /Users/compilerexe/Desktop/react-list/node_modules/lodash/package.json
151 verbose installManyTop reading scoped package data from /Users/compilerexe/Desktop/react-list/node_modules/lodash.memoize/package.json
152 verbose installManyTop reading scoped package data from /Users/compilerexe/Desktop/react-list/node_modules/loose-envify/package.json
153 verbose installManyTop reading scoped package data from /Users/compilerexe/Desktop/react-list/node_modules/micromatch/package.json
154 verbose installManyTop reading scoped package data from /Users/compilerexe/Desktop/react-list/node_modules/miller-rabin/package.json
155 verbose installManyTop reading scoped package data from /Users/compilerexe/Desktop/react-list/node_modules/minimalistic-assert/package.json
156 verbose installManyTop reading scoped package data from /Users/compilerexe/Desktop/react-list/node_modules/minimatch/package.json
157 verbose installManyTop reading scoped package data from /Users/compilerexe/Desktop/react-list/node_modules/minimist/package.json
158 verbose installManyTop reading scoped package data from /Users/compilerexe/Desktop/react-list/node_modules/mkdirp/package.json
159 verbose installManyTop reading scoped package data from /Users/compilerexe/Desktop/react-list/node_modules/module-deps/package.json
160 verbose installManyTop reading scoped package data from /Users/compilerexe/Desktop/react-list/node_modules/ms/package.json
161 verbose installManyTop reading scoped package data from /Users/compilerexe/Desktop/react-list/node_modules/nan/package.json
162 verbose installManyTop reading scoped package data from /Users/compilerexe/Desktop/react-list/node_modules/normalize-path/package.json
163 verbose installManyTop reading scoped package data from /Users/compilerexe/Desktop/react-list/node_modules/number-is-nan/package.json
164 verbose installManyTop reading scoped package data from /Users/compilerexe/Desktop/react-list/node_modules/object-assign/package.json
165 verbose installManyTop reading scoped package data from /Users/compilerexe/Desktop/react-list/node_modules/object.omit/package.json
166 verbose installManyTop reading scoped package data from /Users/compilerexe/Desktop/react-list/node_modules/once/package.json
167 verbose installManyTop reading scoped package data from /Users/compilerexe/Desktop/react-list/node_modules/os-browserify/package.json
168 verbose installManyTop reading scoped package data from /Users/compilerexe/Desktop/react-list/node_modules/os-tmpdir/package.json
169 verbose installManyTop reading scoped package data from /Users/compilerexe/Desktop/react-list/node_modules/outpipe/package.json
170 verbose installManyTop reading scoped package data from /Users/compilerexe/Desktop/react-list/node_modules/pako/package.json
171 verbose installManyTop reading scoped package data from /Users/compilerexe/Desktop/react-list/node_modules/parents/package.json
172 verbose installManyTop reading scoped package data from /Users/compilerexe/Desktop/react-list/node_modules/parse-asn1/package.json
173 verbose installManyTop reading scoped package data from /Users/compilerexe/Desktop/react-list/node_modules/parse-glob/package.json
174 verbose installManyTop reading scoped package data from /Users/compilerexe/Desktop/react-list/node_modules/path-browserify/package.json
175 verbose installManyTop reading scoped package data from /Users/compilerexe/Desktop/react-list/node_modules/path-exists/package.json
176 verbose installManyTop reading scoped package data from /Users/compilerexe/Desktop/react-list/node_modules/path-is-absolute/package.json
177 verbose installManyTop reading scoped package data from /Users/compilerexe/Desktop/react-list/node_modules/path-platform/package.json
178 verbose installManyTop reading scoped package data from /Users/compilerexe/Desktop/react-list/node_modules/pbkdf2/package.json
179 verbose installManyTop reading scoped package data from /Users/compilerexe/Desktop/react-list/node_modules/preserve/package.json
180 verbose installManyTop reading scoped package data from /Users/compilerexe/Desktop/react-list/node_modules/private/package.json
181 verbose installManyTop reading scoped package data from /Users/compilerexe/Desktop/react-list/node_modules/process/package.json
182 verbose installManyTop reading scoped package data from /Users/compilerexe/Desktop/react-list/node_modules/process-nextick-args/package.json
183 verbose installManyTop reading scoped package data from /Users/compilerexe/Desktop/react-list/node_modules/promise/package.json
184 verbose installManyTop reading scoped package data from /Users/compilerexe/Desktop/react-list/node_modules/public-encrypt/package.json
185 verbose installManyTop reading scoped package data from /Users/compilerexe/Desktop/react-list/node_modules/punycode/package.json
186 verbose installManyTop reading scoped package data from /Users/compilerexe/Desktop/react-list/node_modules/querystring/package.json
187 verbose installManyTop reading scoped package data from /Users/compilerexe/Desktop/react-list/node_modules/querystring-es3/package.json
188 verbose installManyTop reading scoped package data from /Users/compilerexe/Desktop/react-list/node_modules/randomatic/package.json
189 verbose installManyTop reading scoped package data from /Users/compilerexe/Desktop/react-list/node_modules/randombytes/package.json
190 verbose installManyTop reading scoped package data from /Users/compilerexe/Desktop/react-list/node_modules/react/package.json
191 verbose installManyTop reading scoped package data from /Users/compilerexe/Desktop/react-list/node_modules/react-dom/package.json
192 verbose installManyTop reading scoped package data from /Users/compilerexe/Desktop/react-list/node_modules/read-only-stream/package.json
193 verbose installManyTop reading scoped package data from /Users/compilerexe/Desktop/react-list/node_modules/readable-stream/package.json
194 verbose installManyTop reading scoped package data from /Users/compilerexe/Desktop/react-list/node_modules/readdirp/package.json
195 verbose installManyTop reading scoped package data from /Users/compilerexe/Desktop/react-list/node_modules/regex-cache/package.json
196 verbose installManyTop reading scoped package data from /Users/compilerexe/Desktop/react-list/node_modules/repeat-element/package.json
197 verbose installManyTop reading scoped package data from /Users/compilerexe/Desktop/react-list/node_modules/repeat-string/package.json
198 verbose installManyTop reading scoped package data from /Users/compilerexe/Desktop/react-list/node_modules/repeating/package.json
199 verbose installManyTop reading scoped package data from /Users/compilerexe/Desktop/react-list/node_modules/resolve/package.json
200 verbose installManyTop reading scoped package data from /Users/compilerexe/Desktop/react-list/node_modules/ripemd160/package.json
201 verbose installManyTop reading scoped package data from /Users/compilerexe/Desktop/react-list/node_modules/sha.js/package.json
202 verbose installManyTop reading scoped package data from /Users/compilerexe/Desktop/react-list/node_modules/shasum/package.json
203 verbose installManyTop reading scoped package data from /Users/compilerexe/Desktop/react-list/node_modules/shebang-regex/package.json
204 verbose installManyTop reading scoped package data from /Users/compilerexe/Desktop/react-list/node_modules/shell-quote/package.json
205 verbose installManyTop reading scoped package data from /Users/compilerexe/Desktop/react-list/node_modules/slash/package.json
206 verbose installManyTop reading scoped package data from /Users/compilerexe/Desktop/react-list/node_modules/source-map/package.json
207 verbose installManyTop reading scoped package data from /Users/compilerexe/Desktop/react-list/node_modules/source-map-support/package.json
208 verbose installManyTop reading scoped package data from /Users/compilerexe/Desktop/react-list/node_modules/stream-browserify/package.json
209 verbose installManyTop reading scoped package data from /Users/compilerexe/Desktop/react-list/node_modules/stream-combiner2/package.json
210 verbose installManyTop reading scoped package data from /Users/compilerexe/Desktop/react-list/node_modules/stream-http/package.json
211 verbose installManyTop reading scoped package data from /Users/compilerexe/Desktop/react-list/node_modules/stream-splicer/package.json
212 verbose installManyTop reading scoped package data from /Users/compilerexe/Desktop/react-list/node_modules/string_decoder/package.json
213 verbose installManyTop reading scoped package data from /Users/compilerexe/Desktop/react-list/node_modules/strip-ansi/package.json
214 verbose installManyTop reading scoped package data from /Users/compilerexe/Desktop/react-list/node_modules/subarg/package.json
215 verbose installManyTop reading scoped package data from /Users/compilerexe/Desktop/react-list/node_modules/supports-color/package.json
216 verbose installManyTop reading scoped package data from /Users/compilerexe/Desktop/react-list/node_modules/syntax-error/package.json
217 verbose installManyTop reading scoped package data from /Users/compilerexe/Desktop/react-list/node_modules/through/package.json
218 verbose installManyTop reading scoped package data from /Users/compilerexe/Desktop/react-list/node_modules/through2/package.json
219 verbose installManyTop reading scoped package data from /Users/compilerexe/Desktop/react-list/node_modules/timers-browserify/package.json
220 verbose installManyTop reading scoped package data from /Users/compilerexe/Desktop/react-list/node_modules/to-arraybuffer/package.json
221 verbose installManyTop reading scoped package data from /Users/compilerexe/Desktop/react-list/node_modules/to-fast-properties/package.json
222 verbose installManyTop reading scoped package data from /Users/compilerexe/Desktop/react-list/node_modules/trim-right/package.json
223 verbose installManyTop reading scoped package data from /Users/compilerexe/Desktop/react-list/node_modules/tty-browserify/package.json
224 verbose installManyTop reading scoped package data from /Users/compilerexe/Desktop/react-list/node_modules/typedarray/package.json
225 verbose installManyTop reading scoped package data from /Users/compilerexe/Desktop/react-list/node_modules/ua-parser-js/package.json
226 verbose installManyTop reading scoped package data from /Users/compilerexe/Desktop/react-list/node_modules/umd/package.json
227 verbose installManyTop reading scoped package data from /Users/compilerexe/Desktop/react-list/node_modules/url/package.json
228 verbose installManyTop reading scoped package data from /Users/compilerexe/Desktop/react-list/node_modules/user-home/package.json
229 verbose installManyTop reading scoped package data from /Users/compilerexe/Desktop/react-list/node_modules/util/package.json
230 verbose installManyTop reading scoped package data from /Users/compilerexe/Desktop/react-list/node_modules/util-deprecate/package.json
231 verbose installManyTop reading scoped package data from /Users/compilerexe/Desktop/react-list/node_modules/vm-browserify/package.json
232 verbose installManyTop reading scoped package data from /Users/compilerexe/Desktop/react-list/node_modules/watchify/package.json
233 verbose installManyTop reading scoped package data from /Users/compilerexe/Desktop/react-list/node_modules/whatwg-fetch/package.json
234 verbose installManyTop reading scoped package data from /Users/compilerexe/Desktop/react-list/node_modules/wrappy/package.json
235 verbose installManyTop reading scoped package data from /Users/compilerexe/Desktop/react-list/node_modules/xtend/package.json
236 info package.json arr-flatten@1.0.1 license should be a valid SPDX license expression
237 info package.json asap@2.0.3 license should be a valid SPDX license expression
238 info package.json array-unique@0.2.1 license should be a valid SPDX license expression
239 info package.json assert@1.3.0 assert is also the name of a node core module.
240 info package.json babel-plugin-syntax-jsx@6.5.0 No description
241 info package.json babel-plugin-syntax-flow@6.5.0 No description
242 info package.json babel-traverse@6.7.4 No description
243 info package.json base62@0.1.1 No license field.
244 info package.json buffer@4.5.0 buffer is also the name of a node core module.
245 info package.json console-browserify@1.1.0 No license field.
246 info package.json date-now@0.1.4 No license field.
247 info package.json esutils@2.0.2 No license field.
248 info package.json esprima-fb@13001.1001.0-dev-harmony-fb No license field.
249 info package.json expand-range@1.8.1 license should be a valid SPDX license expression
250 info package.json events@1.1.0 events is also the name of a node core module.
251 info package.json filename-regex@2.0.0 license should be a valid SPDX license expression
252 info package.json for-in@0.1.4 license should be a valid SPDX license expression
253 info package.json for-own@0.1.3 license should be a valid SPDX license expression
254 info package.json function-bind@1.1.0 No license field.
255 info package.json has@1.0.1 No license field.
256 info package.json indexof@0.0.1 No repository field.
257 info package.json indexof@0.0.1 No license field.
258 info package.json glob-base@0.3.0 license should be a valid SPDX license expression
259 info package.json is-primitive@2.0.0 license should be a valid SPDX license expression
260 info package.json jsonify@0.0.0 license should be a valid SPDX license expression
261 info package.json jstransform@10.1.0 No license field.
262 info package.json ms@0.7.1 No license field.
263 info package.json pako@0.2.8 license should be a valid SPDX license expression
264 info package.json preserve@0.2.0 license should be a valid SPDX license expression
265 info package.json punycode@1.4.1 punycode is also the name of a node core module.
266 info package.json process@0.11.2 process is also the name of a node core module.
267 info package.json querystring-es3@0.2.1 No license field.
268 info package.json querystring@0.2.0 querystring is also the name of a node core module.
269 info package.json querystring@0.2.0 No license field.
270 info package.json regex-cache@0.4.2 license should be a valid SPDX license expression
271 info package.json repeat-element@1.1.2 license should be a valid SPDX license expression
272 info package.json source-map@0.1.31 No license field.
273 info package.json source-map-support@0.2.10 No license field.
274 info package.json string_decoder@0.10.31 string_decoder is also the name of a node core module.
275 info package.json timers-browserify@1.4.2 No license field.
276 info package.json url@0.11.0 url is also the name of a node core module.
277 info package.json ua-parser-js@0.7.10 No license field.
278 info package.json util@0.10.3 util is also the name of a node core module.
279 info package.json whatwg-fetch@0.9.0 No license field.
280 verbose readDependencies loading dependencies from /Users/compilerexe/Desktop/react-list/package.json
281 silly cache add args [ 'git', null ]
282 verbose cache add spec git
283 silly cache add parsed spec Result {
283 silly cache add   raw: 'git',
283 silly cache add   scope: null,
283 silly cache add   name: 'git',
283 silly cache add   rawSpec: '',
283 silly cache add   spec: 'latest',
283 silly cache add   type: 'tag' }
284 silly addNamed git@latest
285 verbose addNamed "latest" is being treated as a dist-tag for git
286 info addNameTag [ 'git', 'latest' ]
287 silly mapToRegistry name git
288 silly mapToRegistry using default registry
289 silly mapToRegistry registry https://registry.npmjs.org/
290 silly mapToRegistry uri https://registry.npmjs.org/git
291 verbose addNameTag registry:https://registry.npmjs.org/git not in flight; fetching
292 verbose request uri https://registry.npmjs.org/git
293 verbose request no auth needed
294 info attempt registry request try #1 at 11:19:44 PM
295 verbose request id 05d930ce5e7302a5
296 http request GET https://registry.npmjs.org/git
297 http 200 https://registry.npmjs.org/git
298 verbose headers { server: 'CouchDB/1.5.0 (Erlang OTP/R16B03)',
298 verbose headers   etag: '"OLHSV85F16RB2VMIZX0ESNYI"',
298 verbose headers   'content-type': 'application/json',
298 verbose headers   'cache-control': 'max-age=300',
298 verbose headers   'content-length': '10095',
298 verbose headers   'accept-ranges': 'bytes',
298 verbose headers   date: 'Wed, 23 Mar 2016 16:19:45 GMT',
298 verbose headers   via: '1.1 varnish',
298 verbose headers   age: '0',
298 verbose headers   connection: 'keep-alive',
298 verbose headers   'x-served-by': 'cache-sin6921-SIN',
298 verbose headers   'x-cache': 'MISS',
298 verbose headers   'x-cache-hits': '0',
298 verbose headers   'x-timer': 'S1458749985.707113,VS0,VE248',
298 verbose headers   vary: 'Accept' }
299 silly get cb [ 200,
299 silly get   { server: 'CouchDB/1.5.0 (Erlang OTP/R16B03)',
299 silly get     etag: '"OLHSV85F16RB2VMIZX0ESNYI"',
299 silly get     'content-type': 'application/json',
299 silly get     'cache-control': 'max-age=300',
299 silly get     'content-length': '10095',
299 silly get     'accept-ranges': 'bytes',
299 silly get     date: 'Wed, 23 Mar 2016 16:19:45 GMT',
299 silly get     via: '1.1 varnish',
299 silly get     age: '0',
299 silly get     connection: 'keep-alive',
299 silly get     'x-served-by': 'cache-sin6921-SIN',
299 silly get     'x-cache': 'MISS',
299 silly get     'x-cache-hits': '0',
299 silly get     'x-timer': 'S1458749985.707113,VS0,VE248',
299 silly get     vary: 'Accept' } ]
300 verbose get saving git to /Users/compilerexe/.npm/registry.npmjs.org/git/.cache.json
301 verbose correctMkdir /Users/compilerexe/.npm correctMkdir not in flight; initializing
302 silly addNameTag next cb for git with tag latest
303 silly addNamed git@0.1.5
304 verbose addNamed "0.1.5" is a plain semver version for git
305 silly mapToRegistry name git
306 silly mapToRegistry using default registry
307 silly mapToRegistry registry https://registry.npmjs.org/
308 silly mapToRegistry uri https://registry.npmjs.org/git
309 verbose addRemoteTarball https://registry.npmjs.org/git/-/git-0.1.5.tgz not in flight; adding
310 verbose addRemoteTarball [ 'https://registry.npmjs.org/git/-/git-0.1.5.tgz',
310 verbose addRemoteTarball   '9ef62df93f851c27542143bf52d1c68b1017ca15' ]
311 info retry fetch attempt 1 at 11:19:45 PM
312 info attempt registry request try #1 at 11:19:45 PM
313 http fetch GET https://registry.npmjs.org/git/-/git-0.1.5.tgz
314 http fetch 200 https://registry.npmjs.org/git/-/git-0.1.5.tgz
315 silly fetchAndShaCheck shasum 9ef62df93f851c27542143bf52d1c68b1017ca15
316 verbose addTmpTarball /var/folders/ng/4pv7jn6s3ln14b828mx7r0yw0000gp/T/npm-3446-8b62677a/registry.npmjs.org/git/-/git-0.1.5.tgz not in flight; adding
317 verbose addTmpTarball already have metadata; skipping unpack for git@0.1.5
318 verbose correctMkdir /Users/compilerexe/.npm correctMkdir not in flight; initializing
319 silly cache afterAdd git@0.1.5
320 verbose afterAdd /Users/compilerexe/.npm/git/0.1.5/package/package.json not in flight; writing
321 verbose correctMkdir /Users/compilerexe/.npm correctMkdir not in flight; initializing
322 verbose afterAdd /Users/compilerexe/.npm/git/0.1.5/package/package.json written
323 silly install resolved [ { name: 'git',
323 silly install resolved     description: 'A node.js library for git',
323 silly install resolved     version: '0.1.5',
323 silly install resolved     author: { name: 'Christian Amor Kvalheim', email: 'christkv@gmail.com' },
323 silly install resolved     contributors: [ [Object] ],
323 silly install resolved     repository: { type: 'git', url: 'git@github.com:christkv/node-git.git' },
323 silly install resolved     bugs: { url: 'http://groups.google.com/group/nodegit' },
323 silly install resolved     main: './lib/git/index',
323 silly install resolved     directories: { lib: './lib/git' },
323 silly install resolved     engines: { node: '>=0.4.0' },
323 silly install resolved     dependencies: { mime: '1.2.9' },
323 silly install resolved     devDependencies: { nodeunit: '>=0.5.1' },
323 silly install resolved     licenses: [ [Object] ],
323 silly install resolved     scripts: { test: './node_modules/.bin/nodeunit test' },
323 silly install resolved     readme: '[![build status](https://secure.travis-ci.org/christkv/node-git.png)](http://travis-ci.org/christkv/node-git)\n\n# Introduction\n\nThis is a library for Git written in Node.js. It\'s as close a port of grit http://github.com/mojombo/grit.\n\nThe idea is to allow for manipulation of git repositories by the node.js application. Not everything is\nimplemented directly in node-git. Some of the stuff is using the native git command line instead of\ndirect javascript code. Also it\'s fairly synchronous right now but that will hopefully change a little\nby little over time as it gets more stable and I start using it in real life scenarios.\n\n## Github information\n\nThe source code is available at http://github.com/christkv/node-git.\nYou can either clone the repository or download a tarball of the latest release.\n\nOnce you have the source you can test the driver by running\n\n\t$ make test\n\nOn windows:\n\n\tPS > node.exe .\\node_modules\\nodeunit\\bin\\nodeunit .\\test\n\t\n## Examples\n\nFor simple examples of usage look at the tests included in the repository.\n\n## Notes\n\nThe current version is basic git support, don\'t expect everything to work as you expect it\noff the bat.\n\n## License\n\n\tCopyright 2009 - 2010 Christian Amor Kvalheim.\n\n\t  Licensed under the Apache License, Version 2.0 (the "License");\n\t  you may not use this file except in compliance with the License.\n\t  You may obtain a copy of the License at\n\n\t      http://www.apache.org/licenses/LICENSE-2.0\n\n\t  Unless required by applicable law or agreed to in writing, software\n\t  distributed under the License is distributed on an "AS IS" BASIS,\n\t  WITHOUT WARRANTIES OR CONDITIONS OF ANY KIND, either express or implied.\n\t  See the License for the specific language governing permissions and\n\t  limitations under the License.\n',
323 silly install resolved     readmeFilename: 'README.md',
323 silly install resolved     _id: 'git@0.1.5',
323 silly install resolved     dist:
323 silly install resolved      { shasum: '9ef62df93f851c27542143bf52d1c68b1017ca15',
323 silly install resolved        tarball: 'http://registry.npmjs.org/git/-/git-0.1.5.tgz' },
323 silly install resolved     _from: 'git@latest',
323 silly install resolved     _npmVersion: '1.2.23',
323 silly install resolved     _npmUser: { name: 'christkv', email: 'christkv@gmail.com' },
323 silly install resolved     maintainers: [ [Object] ],
323 silly install resolved     _shasum: '9ef62df93f851c27542143bf52d1c68b1017ca15',
323 silly install resolved     _resolved: 'https://registry.npmjs.org/git/-/git-0.1.5.tgz' } ]
324 info install git@0.1.5 into /Users/compilerexe/Desktop/react-list
325 info installOne git@0.1.5
326 verbose installOne of git to /Users/compilerexe/Desktop/react-list not in flight; installing
327 verbose correctMkdir /Users/compilerexe/.npm/_locks correctMkdir not in flight; initializing
328 verbose lock using /Users/compilerexe/.npm/_locks/git-e80db9c14cfce4e3.lock for /Users/compilerexe/Desktop/react-list/node_modules/git
329 silly install write writing git 0.1.5 to /Users/compilerexe/Desktop/react-list/node_modules/git
330 verbose unbuild node_modules/git
331 silly gentlyRm /Users/compilerexe/Desktop/react-list/node_modules/git is being purged from base /Users/compilerexe/Desktop/react-list
332 verbose gentlyRm don't care about contents; nuking /Users/compilerexe/Desktop/react-list/node_modules/git
333 verbose tar unpack /Users/compilerexe/.npm/git/0.1.5/package.tgz
334 verbose tar unpacking to /Users/compilerexe/Desktop/react-list/node_modules/git
335 silly gentlyRm /Users/compilerexe/Desktop/react-list/node_modules/git is being purged
336 verbose gentlyRm don't care about contents; nuking /Users/compilerexe/Desktop/react-list/node_modules/git
337 silly gunzTarPerm modes [ '755', '644' ]
338 error tar.unpack untar error /Users/compilerexe/.npm/git/0.1.5/package.tgz
339 verbose unlock done using /Users/compilerexe/.npm/_locks/git-e80db9c14cfce4e3.lock for /Users/compilerexe/Desktop/react-list/node_modules/git
340 verbose fstream_path /Users/compilerexe/Desktop/react-list/node_modules/git
341 verbose fstream_type Directory
342 verbose fstream_class DirWriter
343 verbose stack Error: EACCES: permission denied, mkdir '/Users/compilerexe/Desktop/react-list/node_modules/git'
343 verbose stack     at Error (native)
344 verbose fstream_stack /usr/local/lib/node_modules/npm/node_modules/fstream/lib/dir-writer.js:35:25
344 verbose fstream_stack /usr/local/lib/node_modules/npm/node_modules/mkdirp/index.js:47:53
344 verbose fstream_stack FSReqWrap.oncomplete (fs.js:82:15)
345 verbose cwd /Users/compilerexe/Desktop/react-list
346 error Darwin 15.4.0
347 error argv "/usr/local/bin/node" "/usr/local/bin/npm" "install" "git"
348 error node v4.4.1
349 error npm  v2.14.20
350 error path /Users/compilerexe/Desktop/react-list/node_modules/git
351 error code EACCES
352 error errno -13
353 error syscall mkdir
354 error Error: EACCES: permission denied, mkdir '/Users/compilerexe/Desktop/react-list/node_modules/git'
354 error     at Error (native)
354 error  { [Error: EACCES: permission denied, mkdir '/Users/compilerexe/Desktop/react-list/node_modules/git']
354 error   errno: -13,
354 error   code: 'EACCES',
354 error   syscall: 'mkdir',
354 error   path: '/Users/compilerexe/Desktop/react-list/node_modules/git',
354 error   fstream_type: 'Directory',
354 error   fstream_path: '/Users/compilerexe/Desktop/react-list/node_modules/git',
354 error   fstream_class: 'DirWriter',
354 error   fstream_stack:
354 error    [ '/usr/local/lib/node_modules/npm/node_modules/fstream/lib/dir-writer.js:35:25',
354 error      '/usr/local/lib/node_modules/npm/node_modules/mkdirp/index.js:47:53',
354 error      'FSReqWrap.oncomplete (fs.js:82:15)' ] }
355 error Please try running this command again as root/Administrator.
356 verbose exit [ -13, true ]
357 verbose unbuild node_modules/git
358 silly gentlyRm /Users/compilerexe/Desktop/react-list/node_modules/git is being purged from base /Users/compilerexe/Desktop/react-list
359 verbose gentlyRm don't care about contents; nuking /Users/compilerexe/Desktop/react-list/node_modules/git
